<?xml version="1.0" encoding="UTF-8"?>
<!-- Generated by org.testng.reporters.JUnitXMLReporter -->
<testsuite hostname="DESKTOP-Q5NUDM9" ignored="2" name="Default test(failed)(failed)(failed)(failed)" tests="1" failures="1" timestamp="2021-11-18T22:38:42 PST" time="0.133" errors="0">
  <testcase name="test3" time="0.021" classname="org.reRen.A">
    <failure type="java.lang.AssertionError" message="expected [true] but found [false]">
      <![CDATA[java.lang.AssertionError: expected [true] but found [false]
at org.reRen.A.test3(A.java:19)
at java.util.ArrayList.forEach(Unknown Source)
... Removed 31 stack frames]]>
    </failure>
  </testcase> <!-- test3 -->
  <testcase name="test1" time="0.0" classname="org.reRen.A">
    <ignored/>
  </testcase> <!-- test1 -->
  <testcase name="test2" time="0.0" classname="org.reRen.A">
    <ignored/>
  </testcase> <!-- test2 -->
</testsuite> <!-- Default test(failed)(failed)(failed)(failed) -->
